<?xml version="1.0" encoding="UTF-8"?>
<!-- Generated by org.testng.reporters.JUnitReportReporter -->
<testsuite hostname="jeevansx-mobl" failures="0" tests="1" name="test.SignupPageTest" time="4.408" errors="0" timestamp="2025-04-14T00:47:33 IST" skipped="0">
  <testcase classname="test.SignupPageTest" name="TestSignuppage" time="4.408"/>
</testsuite> <!-- test.SignupPageTest -->
