<?xml version="1.0" encoding="UTF-8"?>
<!-- Generated by org.testng.reporters.JUnitReportReporter -->
<testsuite hostname="jeevansx-mobl" failures="0" tests="2" name="test.HomePageTest" time="10.292" errors="0" timestamp="2025-04-14T00:47:33 IST" skipped="0">
  <testcase classname="test.HomePageTest" name="testLoginButtonVisibleAndClickable" time="5.392"/>
  <testcase classname="test.HomePageTest" name="testSignUpButtonVisibleAndClickable" time="4.900"/>
</testsuite> <!-- test.HomePageTest -->
